понеділок, 16 грудня 2024 17:52:08 +0200 Starting srv1 on CPU0
понеділок, 16 грудня 2024 17:52:14 +0200 CPU: srv1=0.00%, srv2=0%, srv3=0%
понеділок, 16 грудня 2024 17:52:48 +0200 CPU: srv1=0.00%, srv2=0%, srv3=0%
понеділок, 16 грудня 2024 17:53:22 +0200 CPU: srv1=0.00%, srv2=0%, srv3=0%
понеділок, 16 грудня 2024 17:53:56 +0200 CPU: srv1=0.00%, srv2=0%, srv3=0%
понеділок, 16 грудня 2024 17:54:31 +0200 CPU: srv1=0.00%, srv2=0%, srv3=0%
понеділок, 16 грудня 2024 17:55:05 +0200 CPU: srv1=0.11%, srv2=0%, srv3=0%
понеділок, 16 грудня 2024 17:55:39 +0200 CPU: srv1=0.00%, srv2=0%, srv3=0%
понеділок, 16 грудня 2024 17:56:14 +0200 CPU: srv1=0.00%, srv2=0%, srv3=0%
понеділок, 16 грудня 2024 17:56:48 +0200 CPU: srv1=0.00%, srv2=0%, srv3=0%
понеділок, 16 грудня 2024 17:57:22 +0200 CPU: srv1=0.00%, srv2=0%, srv3=0%
понеділок, 16 грудня 2024 17:57:57 +0200 CPU: srv1=0.00%, srv2=0%, srv3=0%
понеділок, 16 грудня 2024 17:58:31 +0200 CPU: srv1=0.00%, srv2=0%, srv3=0%
понеділок, 16 грудня 2024 17:59:05 +0200 CPU: srv1=0.00%, srv2=0%, srv3=0%
понеділок, 16 грудня 2024 17:59:39 +0200 CPU: srv1=0.00%, srv2=0%, srv3=0%
понеділок, 16 грудня 2024 18:00:14 +0200 CPU: srv1=0.00%, srv2=0%, srv3=0%
понеділок, 16 грудня 2024 18:00:48 +0200 CPU: srv1=0.12%, srv2=0%, srv3=0%
понеділок, 16 грудня 2024 18:01:22 +0200 CPU: srv1=0.00%, srv2=0%, srv3=0%
понеділок, 16 грудня 2024 18:01:57 +0200 CPU: srv1=0.00%, srv2=0%, srv3=0%
понеділок, 16 грудня 2024 18:02:31 +0200 CPU: srv1=0.00%, srv2=0%, srv3=0%
понеділок, 16 грудня 2024 18:03:05 +0200 CPU: srv1=0.00%, srv2=0%, srv3=0%
понеділок, 16 грудня 2024 18:03:40 +0200 CPU: srv1=0.00%, srv2=0%, srv3=0%
понеділок, 16 грудня 2024 18:04:14 +0200 CPU: srv1=0.00%, srv2=0%, srv3=0%
понеділок, 16 грудня 2024 18:04:48 +0200 CPU: srv1=0.00%, srv2=0%, srv3=0%
понеділок, 16 грудня 2024 18:05:22 +0200 CPU: srv1=0.00%, srv2=0%, srv3=0%
понеділок, 16 грудня 2024 18:05:57 +0200 CPU: srv1=0.00%, srv2=0%, srv3=0%
понеділок, 16 грудня 2024 18:06:31 +0200 CPU: srv1=0.00%, srv2=0%, srv3=0%
понеділок, 16 грудня 2024 18:07:04 +0200 CPU: srv1=0%, srv2=0%, srv3=0%
понеділок, 16 грудня 2024 18:07:37 +0200 CPU: srv1=0%, srv2=0%, srv3=0%
понеділок, 16 грудня 2024 18:08:12 +0200 CPU: srv1=0.00%, srv2=0%, srv3=0%
понеділок, 16 грудня 2024 18:08:46 +0200 CPU: srv1=0.00%, srv2=0%, srv3=0%
понеділок, 16 грудня 2024 18:09:20 +0200 CPU: srv1=0.00%, srv2=0%, srv3=0%
понеділок, 16 грудня 2024 18:09:54 +0200 CPU: srv1=0.00%, srv2=0%, srv3=0%
понеділок, 16 грудня 2024 18:10:29 +0200 CPU: srv1=0.00%, srv2=0%, srv3=0%
понеділок, 16 грудня 2024 18:11:03 +0200 CPU: srv1=0.00%, srv2=0%, srv3=0%
понеділок, 16 грудня 2024 18:11:37 +0200 CPU: srv1=0.00%, srv2=0%, srv3=0%
понеділок, 16 грудня 2024 18:12:11 +0200 CPU: srv1=0%, srv2=0%, srv3=0%
понеділок, 16 грудня 2024 18:12:45 +0200 CPU: srv1=0.00%, srv2=0%, srv3=0%
понеділок, 16 грудня 2024 18:13:19 +0200 CPU: srv1=0.00%, srv2=0%, srv3=0%
понеділок, 16 грудня 2024 18:24:14 +0200 Starting srv1 on CPU0
понеділок, 16 грудня 2024 18:24:16 +0200 New image found. Updating...
понеділок, 16 грудня 2024 18:24:16 +0200 Update complete.
понеділок, 16 грудня 2024 18:24:18 +0200 CPU: srv1=0.00%, srv2=0%, srv3=0%
понеділок, 16 грудня 2024 18:24:53 +0200 CPU: srv1=0.00%, srv2=0%, srv3=0%
понеділок, 16 грудня 2024 18:25:27 +0200 CPU: srv1=0.00%, srv2=0%, srv3=0%
понеділок, 16 грудня 2024 18:26:01 +0200 CPU: srv1=0.00%, srv2=0%, srv3=0%
понеділок, 16 грудня 2024 18:26:35 +0200 CPU: srv1=0.00%, srv2=0%, srv3=0%
понеділок, 16 грудня 2024 18:27:10 +0200 CPU: srv1=0.00%, srv2=0%, srv3=0%
понеділок, 16 грудня 2024 18:27:43 +0200 CPU: srv1=0.00%, srv2=0%, srv3=0%
понеділок, 16 грудня 2024 18:28:18 +0200 CPU: srv1=0.00%, srv2=0%, srv3=0%
понеділок, 16 грудня 2024 18:28:52 +0200 CPU: srv1=0.00%, srv2=0%, srv3=0%
понеділок, 16 грудня 2024 18:32:57 +0200 Starting srv1 on CPU0
понеділок, 16 грудня 2024 18:33:01 +0200 CPU: srv1=0%, srv2=0%, srv3=0%
понеділок, 16 грудня 2024 18:33:34 +0200 CPU: srv1=0%, srv2=0%, srv3=0%
понеділок, 16 грудня 2024 18:34:07 +0200 CPU: srv1=0%, srv2=0%, srv3=0%
понеділок, 16 грудня 2024 18:34:40 +0200 CPU: srv1=0%, srv2=0%, srv3=0%
понеділок, 16 грудня 2024 18:35:14 +0200 CPU: srv1=0%, srv2=0%, srv3=0%
понеділок, 16 грудня 2024 18:35:47 +0200 CPU: srv1=0%, srv2=0%, srv3=0%
понеділок, 16 грудня 2024 18:36:20 +0200 CPU: srv1=0%, srv2=0%, srv3=0%
понеділок, 16 грудня 2024 18:36:54 +0200 CPU: srv1=0%, srv2=0%, srv3=0%
понеділок, 16 грудня 2024 18:37:27 +0200 CPU: srv1=0%, srv2=0%, srv3=0%
понеділок, 16 грудня 2024 18:38:01 +0200 CPU: srv1=0%, srv2=0%, srv3=0%
понеділок, 16 грудня 2024 18:38:34 +0200 CPU: srv1=0%, srv2=0%, srv3=0%
понеділок, 16 грудня 2024 18:39:07 +0200 CPU: srv1=0%, srv2=0%, srv3=0%
понеділок, 16 грудня 2024 18:39:41 +0200 CPU: srv1=0%, srv2=0%, srv3=0%
понеділок, 16 грудня 2024 18:40:14 +0200 CPU: srv1=0%, srv2=0%, srv3=0%
понеділок, 16 грудня 2024 18:40:47 +0200 CPU: srv1=0%, srv2=0%, srv3=0%
понеділок, 16 грудня 2024 18:41:21 +0200 CPU: srv1=0.00%, srv2=0%, srv3=0%
понеділок, 16 грудня 2024 18:41:43 +0200 Starting srv1 on CPU0
понеділок, 16 грудня 2024 18:41:47 +0200 CPU: srv1=0.00%, srv2=0%, srv3=0%
понеділок, 16 грудня 2024 18:42:20 +0200 CPU: srv1=0%, srv2=0%, srv3=0%
понеділок, 16 грудня 2024 18:42:55 +0200 CPU: srv1=0.00%, srv2=0%, srv3=0%
понеділок, 16 грудня 2024 18:43:29 +0200 CPU: srv1=0.00%, srv2=0%, srv3=0%
понеділок, 16 грудня 2024 18:43:39 +0200 Starting srv1 on CPU0
понеділок, 16 грудня 2024 18:43:44 +0200 CPU: srv1=0.00%, srv2=0%, srv3=0%
понеділок, 16 грудня 2024 18:44:03 +0200 CPU: srv1=0.00%, srv2=0%, srv3=0%
понеділок, 16 грудня 2024 18:44:18 +0200 CPU: srv1=0.00%, srv2=0%, srv3=0%
понеділок, 16 грудня 2024 18:44:37 +0200 CPU: srv1=0.00%, srv2=0%, srv3=0%
понеділок, 16 грудня 2024 18:44:52 +0200 Starting srv1 on CPU0
понеділок, 16 грудня 2024 18:44:57 +0200 CPU: srv1=0.00%, srv2=0%, srv3=0%
понеділок, 16 грудня 2024 18:45:12 +0200 CPU: srv1=0.00%, srv2=0%, srv3=0%
понеділок, 16 грудня 2024 18:45:32 +0200 CPU: srv1=0.00%, srv2=0%, srv3=0%
понеділок, 16 грудня 2024 18:45:46 +0200 CPU: srv1=0.00%, srv2=0%, srv3=0%
понеділок, 16 грудня 2024 18:46:05 +0200 CPU: srv1=0.00%, srv2=0%, srv3=0%
понеділок, 16 грудня 2024 18:46:20 +0200 CPU: srv1=0.00%, srv2=0%, srv3=0%
понеділок, 16 грудня 2024 18:46:39 +0200 CPU: srv1=0.00%, srv2=0%, srv3=0%
понеділок, 16 грудня 2024 18:46:54 +0200 CPU: srv1=0.00%, srv2=0%, srv3=0%
понеділок, 16 грудня 2024 18:47:13 +0200 CPU: srv1=0.00%, srv2=0%, srv3=0%
понеділок, 16 грудня 2024 18:47:29 +0200 CPU: srv1=0.00%, srv2=0%, srv3=0%
понеділок, 16 грудня 2024 18:47:48 +0200 CPU: srv1=0.00%, srv2=0%, srv3=0%
понеділок, 16 грудня 2024 18:48:03 +0200 CPU: srv1=0.00%, srv2=0%, srv3=0%
понеділок, 16 грудня 2024 18:48:22 +0200 CPU: srv1=0.00%, srv2=0%, srv3=0%
понеділок, 16 грудня 2024 18:48:37 +0200 CPU: srv1=0.00%, srv2=0%, srv3=0%
понеділок, 16 грудня 2024 18:48:56 +0200 CPU: srv1=0.00%, srv2=0%, srv3=0%
понеділок, 16 грудня 2024 18:49:11 +0200 CPU: srv1=0.00%, srv2=0%, srv3=0%
понеділок, 16 грудня 2024 18:49:31 +0200 CPU: srv1=0.00%, srv2=0%, srv3=0%
понеділок, 16 грудня 2024 18:49:46 +0200 CPU: srv1=0.00%, srv2=0%, srv3=0%
понеділок, 16 грудня 2024 18:50:05 +0200 CPU: srv1=0.00%, srv2=0%, srv3=0%
понеділок, 16 грудня 2024 18:50:20 +0200 CPU: srv1=0.00%, srv2=0%, srv3=0%
понеділок, 16 грудня 2024 18:50:39 +0200 CPU: srv1=0.00%, srv2=0%, srv3=0%
понеділок, 16 грудня 2024 18:50:54 +0200 CPU: srv1=0.00%, srv2=0%, srv3=0%
понеділок, 16 грудня 2024 18:51:14 +0200 CPU: srv1=0.00%, srv2=0%, srv3=0%
понеділок, 16 грудня 2024 18:51:28 +0200 CPU: srv1=0.00%, srv2=0%, srv3=0%
понеділок, 16 грудня 2024 18:51:48 +0200 CPU: srv1=0.00%, srv2=0%, srv3=0%
понеділок, 16 грудня 2024 18:52:02 +0200 CPU: srv1=0.00%, srv2=0%, srv3=0%
понеділок, 16 грудня 2024 18:52:22 +0200 CPU: srv1=0.00%, srv2=0%, srv3=0%
понеділок, 16 грудня 2024 18:52:36 +0200 CPU: srv1=0.00%, srv2=0%, srv3=0%
понеділок, 16 грудня 2024 18:52:56 +0200 CPU: srv1=0.00%, srv2=0%, srv3=0%
понеділок, 16 грудня 2024 18:53:10 +0200 CPU: srv1=0.00%, srv2=0%, srv3=0%
понеділок, 16 грудня 2024 18:53:30 +0200 CPU: srv1=0.00%, srv2=0%, srv3=0%
понеділок, 16 грудня 2024 18:53:44 +0200 CPU: srv1=0.00%, srv2=0%, srv3=0%
понеділок, 16 грудня 2024 18:54:05 +0200 CPU: srv1=0.00%, srv2=0%, srv3=0%
понеділок, 16 грудня 2024 18:54:18 +0200 CPU: srv1=0.00%, srv2=0%, srv3=0%
понеділок, 16 грудня 2024 18:54:40 +0200 CPU: srv1=0.00%, srv2=0%, srv3=0%
понеділок, 16 грудня 2024 18:54:52 +0200 CPU: srv1=0.00%, srv2=0%, srv3=0%
понеділок, 16 грудня 2024 18:55:14 +0200 CPU: srv1=0.00%, srv2=0%, srv3=0%
понеділок, 16 грудня 2024 18:55:26 +0200 CPU: srv1=0.00%, srv2=0%, srv3=0%
понеділок, 16 грудня 2024 18:55:53 +0200 CPU: srv1=0.00%, srv2=0%, srv3=0%
понеділок, 16 грудня 2024 18:56:00 +0200 CPU: srv1=0.00%, srv2=0%, srv3=0%
понеділок, 16 грудня 2024 18:56:28 +0200 CPU: srv1=0.00%, srv2=0%, srv3=0%
понеділок, 16 грудня 2024 18:56:34 +0200 CPU: srv1=0.00%, srv2=0%, srv3=0%
понеділок, 16 грудня 2024 18:57:02 +0200 CPU: srv1=0.00%, srv2=0%, srv3=0%
понеділок, 16 грудня 2024 18:57:08 +0200 CPU: srv1=0.00%, srv2=0%, srv3=0%
понеділок, 16 грудня 2024 18:57:37 +0200 CPU: srv1=0.00%, srv2=0%, srv3=0%
понеділок, 16 грудня 2024 18:57:43 +0200 CPU: srv1=0.00%, srv2=0%, srv3=0%
понеділок, 16 грудня 2024 18:58:11 +0200 CPU: srv1=0.00%, srv2=0%, srv3=0%
понеділок, 16 грудня 2024 18:58:16 +0200 CPU: srv1=0.00%, srv2=0%, srv3=0%
понеділок, 16 грудня 2024 18:58:45 +0200 CPU: srv1=0.00%, srv2=0%, srv3=0%
понеділок, 16 грудня 2024 18:58:49 +0200 CPU: srv1=0.00%, srv2=0%, srv3=0%
понеділок, 16 грудня 2024 18:59:20 +0200 CPU: srv1=0.00%, srv2=0%, srv3=0%
понеділок, 16 грудня 2024 18:59:23 +0200 CPU: srv1=0.00%, srv2=0%, srv3=0%
понеділок, 16 грудня 2024 18:59:54 +0200 CPU: srv1=0.00%, srv2=0%, srv3=0%
понеділок, 16 грудня 2024 18:59:57 +0200 CPU: srv1=0.00%, srv2=0%, srv3=0%
понеділок, 16 грудня 2024 19:00:28 +0200 CPU: srv1=0.00%, srv2=0%, srv3=0%
понеділок, 16 грудня 2024 19:00:31 +0200 CPU: srv1=0.00%, srv2=0%, srv3=0%
понеділок, 16 грудня 2024 19:01:03 +0200 CPU: srv1=0.00%, srv2=0%, srv3=0%
понеділок, 16 грудня 2024 19:01:06 +0200 CPU: srv1=0.00%, srv2=0%, srv3=0%
понеділок, 16 грудня 2024 19:01:37 +0200 CPU: srv1=0.00%, srv2=0%, srv3=0%
понеділок, 16 грудня 2024 19:01:39 +0200 CPU: srv1=0.00%, srv2=0%, srv3=0%
понеділок, 16 грудня 2024 19:02:10 +0200 CPU: srv1=0.00%, srv2=0%, srv3=0%
понеділок, 16 грудня 2024 19:02:12 +0200 CPU: srv1=0.00%, srv2=0%, srv3=0%
понеділок, 16 грудня 2024 19:02:44 +0200 CPU: srv1=0.00%, srv2=0%, srv3=0%
понеділок, 16 грудня 2024 19:02:45 +0200 CPU: srv1=0.00%, srv2=0%, srv3=0%
понеділок, 16 грудня 2024 19:03:19 +0200 CPU: srv1=0.00%, srv2=0%, srv3=0%
понеділок, 16 грудня 2024 19:03:19 +0200 CPU: srv1=0.00%, srv2=0%, srv3=0%
понеділок, 16 грудня 2024 19:03:53 +0200 CPU: srv1=0.00%, srv2=0%, srv3=0%
понеділок, 16 грудня 2024 19:03:53 +0200 CPU: srv1=0.00%, srv2=0%, srv3=0%
понеділок, 16 грудня 2024 19:04:27 +0200 CPU: srv1=0.00%, srv2=0%, srv3=0%
понеділок, 16 грудня 2024 19:04:27 +0200 CPU: srv1=0.00%, srv2=0%, srv3=0%
понеділок, 16 грудня 2024 19:05:02 +0200 CPU: srv1=0.00%, srv2=0%, srv3=0%
понеділок, 16 грудня 2024 19:05:02 +0200 CPU: srv1=0.00%, srv2=0%, srv3=0%
понеділок, 16 грудня 2024 19:05:35 +0200 CPU: srv1=0.00%, srv2=0%, srv3=0%
понеділок, 16 грудня 2024 19:05:35 +0200 CPU: srv1=0.00%, srv2=0%, srv3=0%
понеділок, 16 грудня 2024 19:06:10 +0200 CPU: srv1=0.00%, srv2=0%, srv3=0%
понеділок, 16 грудня 2024 19:06:10 +0200 CPU: srv1=0.00%, srv2=0%, srv3=0%
понеділок, 16 грудня 2024 19:06:44 +0200 CPU: srv1=0.00%, srv2=0%, srv3=0%
понеділок, 16 грудня 2024 19:06:44 +0200 CPU: srv1=0.00%, srv2=0%, srv3=0%
понеділок, 16 грудня 2024 19:07:18 +0200 CPU: srv1=0.00%, srv2=0%, srv3=0%
понеділок, 16 грудня 2024 19:07:18 +0200 CPU: srv1=0.00%, srv2=0%, srv3=0%
понеділок, 16 грудня 2024 19:07:53 +0200 CPU: srv1=0.00%, srv2=0%, srv3=0%
понеділок, 16 грудня 2024 19:07:53 +0200 CPU: srv1=0.00%, srv2=0%, srv3=0%
понеділок, 16 грудня 2024 19:08:27 +0200 CPU: srv1=0.00%, srv2=0%, srv3=0%
понеділок, 16 грудня 2024 19:08:27 +0200 CPU: srv1=0.00%, srv2=0%, srv3=0%
понеділок, 16 грудня 2024 19:09:01 +0200 CPU: srv1=0.00%, srv2=0%, srv3=0%
понеділок, 16 грудня 2024 19:09:01 +0200 CPU: srv1=0.00%, srv2=0%, srv3=0%
понеділок, 16 грудня 2024 19:09:36 +0200 CPU: srv1=0.00%, srv2=0%, srv3=0%
понеділок, 16 грудня 2024 19:09:36 +0200 CPU: srv1=0.00%, srv2=0%, srv3=0%
понеділок, 16 грудня 2024 19:10:10 +0200 CPU: srv1=0.00%, srv2=0%, srv3=0%
понеділок, 16 грудня 2024 19:10:10 +0200 CPU: srv1=0.00%, srv2=0%, srv3=0%
понеділок, 16 грудня 2024 19:10:45 +0200 CPU: srv1=0.00%, srv2=0%, srv3=0%
понеділок, 16 грудня 2024 19:10:45 +0200 CPU: srv1=0.00%, srv2=0%, srv3=0%
понеділок, 16 грудня 2024 19:11:19 +0200 CPU: srv1=0.00%, srv2=0%, srv3=0%
понеділок, 16 грудня 2024 19:11:19 +0200 CPU: srv1=0.00%, srv2=0%, srv3=0%
понеділок, 16 грудня 2024 19:11:54 +0200 CPU: srv1=0.00%, srv2=0%, srv3=0%
понеділок, 16 грудня 2024 19:11:54 +0200 CPU: srv1=0.00%, srv2=0%, srv3=0%
понеділок, 16 грудня 2024 19:12:28 +0200 CPU: srv1=0.00%, srv2=0%, srv3=0%
понеділок, 16 грудня 2024 19:12:28 +0200 CPU: srv1=0.00%, srv2=0%, srv3=0%
понеділок, 16 грудня 2024 19:13:02 +0200 CPU: srv1=0.00%, srv2=0%, srv3=0%
понеділок, 16 грудня 2024 19:13:02 +0200 CPU: srv1=0.00%, srv2=0%, srv3=0%
понеділок, 16 грудня 2024 19:13:37 +0200 CPU: srv1=0.00%, srv2=0%, srv3=0%
понеділок, 16 грудня 2024 19:13:37 +0200 CPU: srv1=0.00%, srv2=0%, srv3=0%
понеділок, 16 грудня 2024 19:14:11 +0200 CPU: srv1=0.00%, srv2=0%, srv3=0%
понеділок, 16 грудня 2024 19:14:11 +0200 CPU: srv1=0.00%, srv2=0%, srv3=0%
понеділок, 16 грудня 2024 19:14:45 +0200 CPU: srv1=0.00%, srv2=0%, srv3=0%
понеділок, 16 грудня 2024 19:14:45 +0200 CPU: srv1=0.00%, srv2=0%, srv3=0%
понеділок, 16 грудня 2024 19:15:20 +0200 CPU: srv1=0.00%, srv2=0%, srv3=0%
понеділок, 16 грудня 2024 19:15:20 +0200 CPU: srv1=0.00%, srv2=0%, srv3=0%
понеділок, 16 грудня 2024 19:15:54 +0200 CPU: srv1=0.00%, srv2=0%, srv3=0%
понеділок, 16 грудня 2024 19:15:54 +0200 CPU: srv1=0.00%, srv2=0%, srv3=0%
понеділок, 16 грудня 2024 19:16:29 +0200 CPU: srv1=0.00%, srv2=0%, srv3=0%
понеділок, 16 грудня 2024 19:16:29 +0200 CPU: srv1=0.00%, srv2=0%, srv3=0%
понеділок, 16 грудня 2024 19:17:03 +0200 CPU: srv1=0.00%, srv2=0%, srv3=0%
понеділок, 16 грудня 2024 19:17:03 +0200 CPU: srv1=0.00%, srv2=0%, srv3=0%
понеділок, 16 грудня 2024 19:17:37 +0200 CPU: srv1=0.00%, srv2=0%, srv3=0%
понеділок, 16 грудня 2024 19:17:37 +0200 CPU: srv1=0.00%, srv2=0%, srv3=0%
понеділок, 16 грудня 2024 19:18:11 +0200 CPU: srv1=0.00%, srv2=0%, srv3=0%
понеділок, 16 грудня 2024 19:18:12 +0200 CPU: srv1=0.00%, srv2=0%, srv3=0%
понеділок, 16 грудня 2024 19:20:38 +0200 Starting srv1 on CPU0
понеділок, 16 грудня 2024 19:20:43 +0200 CPU: srv1=0.00%, srv2=0%, srv3=0%
понеділок, 16 грудня 2024 19:21:17 +0200 CPU: srv1=108.79%, srv2=0%, srv3=0%
понеділок, 16 грудня 2024 19:21:52 +0200 CPU: srv1=0.11%, srv2=0%, srv3=0%
понеділок, 16 грудня 2024 19:22:26 +0200 CPU: srv1=126.76%, srv2=0%, srv3=0%
понеділок, 16 грудня 2024 19:23:00 +0200 CPU: srv1=0.00%, srv2=0%, srv3=0%
понеділок, 16 грудня 2024 19:23:35 +0200 CPU: srv1=0.00%, srv2=0%, srv3=0%
понеділок, 16 грудня 2024 19:24:09 +0200 CPU: srv1=0.00%, srv2=0%, srv3=0%
понеділок, 16 грудня 2024 19:25:05 +0200 Starting srv1 on CPU0
понеділок, 16 грудня 2024 19:25:10 +0200 CPU: srv1=0.00%, srv2=0%, srv3=0%
понеділок, 16 грудня 2024 19:25:43 +0200 CPU: srv1=61.09%, srv2=0%, srv3=0%
понеділок, 16 грудня 2024 19:27:48 +0200 Starting srv1 on CPU0
понеділок, 16 грудня 2024 19:27:53 +0200 CPU: srv1=11.72%, srv2=0%, srv3=0%
понеділок, 16 грудня 2024 19:28:27 +0200 CPU: srv1=127.45%, srv2=0%, srv3=0%
понеділок, 16 грудня 2024 19:29:01 +0200 CPU: srv1=0.00%, srv2=0%, srv3=0%
понеділок, 16 грудня 2024 19:29:35 +0200 CPU: srv1=131.31%, srv2=0%, srv3=0%
понеділок, 16 грудня 2024 19:31:01 +0200 Starting srv1 on CPU0
понеділок, 16 грудня 2024 19:31:06 +0200 CPU: srv1=120.07%, srv2=0%, srv3=0%
понеділок, 16 грудня 2024 19:31:39 +0200 CPU: srv1=0.00%, srv2=0%, srv3=0%
понеділок, 16 грудня 2024 19:32:25 +0200 Starting srv1 on CPU0
понеділок, 16 грудня 2024 19:32:30 +0200 CPU: srv1=125.76%, srv2=0%, srv3=0%
понеділок, 16 грудня 2024 19:33:04 +0200 CPU: srv1=128.18%, srv2=0%, srv3=0%
понеділок, 16 грудня 2024 19:33:38 +0200 CPU: srv1=127.57%, srv2=0%, srv3=0%
понеділок, 16 грудня 2024 19:34:11 +0200 CPU: srv1=131.81%, srv2=0%, srv3=0%
понеділок, 16 грудня 2024 19:34:11 +0200 srv1 busy for 2 minutes, starting srv2 on CPU1
понеділок, 16 грудня 2024 19:34:46 +0200 CPU: srv1=4.05%, srv2=0.00%, srv3=0%
понеділок, 16 грудня 2024 19:35:21 +0200 CPU: srv1=129.99%, srv2=0.00%, srv3=0%
понеділок, 16 грудня 2024 19:35:54 +0200 CPU: srv1=138.39%, srv2=0.00%, srv3=0%
понеділок, 16 грудня 2024 19:35:54 +0200 srv2 idle for 2 minutes, stopping srv2
понеділок, 16 грудня 2024 20:53:00 +0200 Starting srv1 on CPU0
понеділок, 16 грудня 2024 20:53:06 +0200 CPU: srv1=127.69%, srv2=0%, srv3=0%
понеділок, 16 грудня 2024 20:53:39 +0200 CPU: srv1=136.35%, srv2=0%, srv3=0%
понеділок, 16 грудня 2024 20:54:13 +0200 CPU: srv1=129.54%, srv2=0%, srv3=0%
понеділок, 16 грудня 2024 20:54:47 +0200 CPU: srv1=131.47%, srv2=0%, srv3=0%
понеділок, 16 грудня 2024 20:54:47 +0200 srv1 busy for 2 minutes, starting srv2 on CPU1
